{"C:\\Users\\Nassim\\Desktop\\Softwareudvikling\\1 Semester\\Test\\Mandatory2\\bmi-calculator-nodejs\\app.js": {"path":"C:\\Users\\Nassim\\Desktop\\Softwareudvikling\\1 Semester\\Test\\Mandatory2\\bmi-calculator-nodejs\\app.js","statementMap":{"0":{"start":{"line":1,"column":14},"end":{"line":1,"column":32}},"1":{"start":{"line":4,"column":10},"end":{"line":4,"column":19}},"2":{"start":{"line":6,"column":0},"end":{"line":6,"column":30}},"3":{"start":{"line":7,"column":0},"end":{"line":7,"column":39}},"4":{"start":{"line":9,"column":0},"end":{"line":9,"column":45}},"5":{"start":{"line":11,"column":0},"end":{"line":13,"column":3}},"6":{"start":{"line":12,"column":4},"end":{"line":12,"column":32}},"7":{"start":{"line":15,"column":0},"end":{"line":19,"column":3}},"8":{"start":{"line":16,"column":4},"end":{"line":18,"column":23}},"9":{"start":{"line":22,"column":13},"end":{"line":22,"column":45}},"10":{"start":{"line":23,"column":13},"end":{"line":23,"column":25}},"11":{"start":{"line":25,"column":4},"end":{"line":46,"column":5}},"12":{"start":{"line":26,"column":8},"end":{"line":26,"column":33}},"13":{"start":{"line":28,"column":18},"end":{"line":28,"column":43}},"14":{"start":{"line":29,"column":27},"end":{"line":29,"column":96}},"15":{"start":{"line":31,"column":8},"end":{"line":39,"column":9}},"16":{"start":{"line":32,"column":12},"end":{"line":32,"column":43}},"17":{"start":{"line":33,"column":15},"end":{"line":39,"column":9}},"18":{"start":{"line":34,"column":12},"end":{"line":34,"column":43}},"19":{"start":{"line":35,"column":15},"end":{"line":39,"column":9}},"20":{"start":{"line":36,"column":12},"end":{"line":36,"column":43}},"21":{"start":{"line":38,"column":12},"end":{"line":38,"column":42}},"22":{"start":{"line":41,"column":8},"end":{"line":45,"column":11}},"23":{"start":{"line":50,"column":17},"end":{"line":50,"column":33}},"24":{"start":{"line":51,"column":17},"end":{"line":51,"column":52}},"25":{"start":{"line":52,"column":15},"end":{"line":52,"column":48}},"26":{"start":{"line":54,"column":4},"end":{"line":85,"column":5}},"27":{"start":{"line":56,"column":8},"end":{"line":56,"column":33}},"28":{"start":{"line":58,"column":25},"end":{"line":58,"column":36}},"29":{"start":{"line":59,"column":27},"end":{"line":59,"column":76}},"30":{"start":{"line":61,"column":8},"end":{"line":69,"column":9}},"31":{"start":{"line":62,"column":12},"end":{"line":68,"column":13}},"32":{"start":{"line":63,"column":16},"end":{"line":63,"column":47}},"33":{"start":{"line":64,"column":19},"end":{"line":68,"column":13}},"34":{"start":{"line":65,"column":16},"end":{"line":65,"column":47}},"35":{"start":{"line":66,"column":19},"end":{"line":68,"column":13}},"36":{"start":{"line":67,"column":16},"end":{"line":67,"column":46}},"37":{"start":{"line":70,"column":8},"end":{"line":78,"column":9}},"38":{"start":{"line":71,"column":12},"end":{"line":77,"column":13}},"39":{"start":{"line":72,"column":16},"end":{"line":72,"column":47}},"40":{"start":{"line":73,"column":19},"end":{"line":77,"column":13}},"41":{"start":{"line":74,"column":16},"end":{"line":74,"column":47}},"42":{"start":{"line":75,"column":19},"end":{"line":77,"column":13}},"43":{"start":{"line":76,"column":16},"end":{"line":76,"column":46}},"44":{"start":{"line":80,"column":8},"end":{"line":84,"column":11}},"45":{"start":{"line":88,"column":0},"end":{"line":88,"column":21}}},"fnMap":{"0":{"name":"(anonymous_0)","decl":{"start":{"line":11,"column":13},"end":{"line":11,"column":14}},"loc":{"start":{"line":11,"column":27},"end":{"line":13,"column":1}},"line":11},"1":{"name":"(anonymous_1)","decl":{"start":{"line":15,"column":19},"end":{"line":15,"column":20}},"loc":{"start":{"line":15,"column":33},"end":{"line":19,"column":1}},"line":15},"2":{"name":"BMI","decl":{"start":{"line":21,"column":9},"end":{"line":21,"column":12}},"loc":{"start":{"line":21,"column":23},"end":{"line":47,"column":1}},"line":21},"3":{"name":"WaistToHip","decl":{"start":{"line":49,"column":9},"end":{"line":49,"column":19}},"loc":{"start":{"line":49,"column":30},"end":{"line":86,"column":1}},"line":49}},"branchMap":{"0":{"loc":{"start":{"line":16,"column":4},"end":{"line":18,"column":23}},"type":"cond-expr","locations":[{"start":{"line":17,"column":10},"end":{"line":17,"column":30}},{"start":{"line":18,"column":10},"end":{"line":18,"column":23}}],"line":16},"1":{"loc":{"start":{"line":25,"column":4},"end":{"line":46,"column":5}},"type":"if","locations":[{"start":{"line":25,"column":4},"end":{"line":46,"column":5}},{"start":{"line":27,"column":11},"end":{"line":46,"column":5}}],"line":25},"2":{"loc":{"start":{"line":25,"column":8},"end":{"line":25,"column":26}},"type":"binary-expr","locations":[{"start":{"line":25,"column":8},"end":{"line":25,"column":14}},{"start":{"line":25,"column":18},"end":{"line":25,"column":26}}],"line":25},"3":{"loc":{"start":{"line":31,"column":8},"end":{"line":39,"column":9}},"type":"if","locations":[{"start":{"line":31,"column":8},"end":{"line":39,"column":9}},{"start":{"line":33,"column":15},"end":{"line":39,"column":9}}],"line":31},"4":{"loc":{"start":{"line":33,"column":15},"end":{"line":39,"column":9}},"type":"if","locations":[{"start":{"line":33,"column":15},"end":{"line":39,"column":9}},{"start":{"line":35,"column":15},"end":{"line":39,"column":9}}],"line":33},"5":{"loc":{"start":{"line":33,"column":19},"end":{"line":33,"column":45}},"type":"binary-expr","locations":[{"start":{"line":33,"column":19},"end":{"line":33,"column":30}},{"start":{"line":33,"column":34},"end":{"line":33,"column":45}}],"line":33},"6":{"loc":{"start":{"line":35,"column":15},"end":{"line":39,"column":9}},"type":"if","locations":[{"start":{"line":35,"column":15},"end":{"line":39,"column":9}},{"start":{"line":37,"column":15},"end":{"line":39,"column":9}}],"line":35},"7":{"loc":{"start":{"line":35,"column":19},"end":{"line":35,"column":45}},"type":"binary-expr","locations":[{"start":{"line":35,"column":19},"end":{"line":35,"column":30}},{"start":{"line":35,"column":34},"end":{"line":35,"column":45}}],"line":35},"8":{"loc":{"start":{"line":54,"column":4},"end":{"line":85,"column":5}},"type":"if","locations":[{"start":{"line":54,"column":4},"end":{"line":85,"column":5}},{"start":{"line":57,"column":11},"end":{"line":85,"column":5}}],"line":54},"9":{"loc":{"start":{"line":54,"column":8},"end":{"line":54,"column":60}},"type":"binary-expr","locations":[{"start":{"line":54,"column":8},"end":{"line":54,"column":18}},{"start":{"line":54,"column":22},"end":{"line":54,"column":34}},{"start":{"line":54,"column":38},"end":{"line":54,"column":46}},{"start":{"line":54,"column":50},"end":{"line":54,"column":60}}],"line":54},"10":{"loc":{"start":{"line":61,"column":8},"end":{"line":69,"column":9}},"type":"if","locations":[{"start":{"line":61,"column":8},"end":{"line":69,"column":9}},{"start":{},"end":{}}],"line":61},"11":{"loc":{"start":{"line":62,"column":12},"end":{"line":68,"column":13}},"type":"if","locations":[{"start":{"line":62,"column":12},"end":{"line":68,"column":13}},{"start":{"line":64,"column":19},"end":{"line":68,"column":13}}],"line":62},"12":{"loc":{"start":{"line":64,"column":19},"end":{"line":68,"column":13}},"type":"if","locations":[{"start":{"line":64,"column":19},"end":{"line":68,"column":13}},{"start":{"line":66,"column":19},"end":{"line":68,"column":13}}],"line":64},"13":{"loc":{"start":{"line":64,"column":23},"end":{"line":64,"column":63}},"type":"binary-expr","locations":[{"start":{"line":64,"column":23},"end":{"line":64,"column":41}},{"start":{"line":64,"column":45},"end":{"line":64,"column":63}}],"line":64},"14":{"loc":{"start":{"line":66,"column":19},"end":{"line":68,"column":13}},"type":"if","locations":[{"start":{"line":66,"column":19},"end":{"line":68,"column":13}},{"start":{},"end":{}}],"line":66},"15":{"loc":{"start":{"line":70,"column":8},"end":{"line":78,"column":9}},"type":"if","locations":[{"start":{"line":70,"column":8},"end":{"line":78,"column":9}},{"start":{},"end":{}}],"line":70},"16":{"loc":{"start":{"line":71,"column":12},"end":{"line":77,"column":13}},"type":"if","locations":[{"start":{"line":71,"column":12},"end":{"line":77,"column":13}},{"start":{"line":73,"column":19},"end":{"line":77,"column":13}}],"line":71},"17":{"loc":{"start":{"line":73,"column":19},"end":{"line":77,"column":13}},"type":"if","locations":[{"start":{"line":73,"column":19},"end":{"line":77,"column":13}},{"start":{"line":75,"column":19},"end":{"line":77,"column":13}}],"line":73},"18":{"loc":{"start":{"line":73,"column":23},"end":{"line":73,"column":63}},"type":"binary-expr","locations":[{"start":{"line":73,"column":23},"end":{"line":73,"column":41}},{"start":{"line":73,"column":45},"end":{"line":73,"column":63}}],"line":73},"19":{"loc":{"start":{"line":75,"column":19},"end":{"line":77,"column":13}},"type":"if","locations":[{"start":{"line":75,"column":19},"end":{"line":77,"column":13}},{"start":{},"end":{}}],"line":75}},"s":{"0":3,"1":3,"2":3,"3":3,"4":3,"5":3,"6":17,"7":3,"8":30,"9":14,"10":14,"11":14,"12":3,"13":11,"14":11,"15":11,"16":4,"17":7,"18":2,"19":5,"20":2,"21":3,"22":11,"23":16,"24":16,"25":16,"26":16,"27":4,"28":12,"29":12,"30":12,"31":6,"32":2,"33":4,"34":2,"35":2,"36":2,"37":12,"38":6,"39":2,"40":4,"41":2,"42":2,"43":2,"44":12,"45":3},"f":{"0":17,"1":30,"2":14,"3":16},"b":{"0":[16,14],"1":[3,11],"2":[14,12],"3":[4,7],"4":[2,5],"5":[7,6],"6":[2,3],"7":[5,4],"8":[4,12],"9":[16,16,12,12],"10":[6,6],"11":[2,4],"12":[2,2],"13":[4,4],"14":[2,0],"15":[6,6],"16":[2,4],"17":[2,2],"18":[4,4],"19":[2,0]},"_coverageSchema":"1a1c01bbd47fc00a2c39e90264f33305004495a9","hash":"f179ec26ee53e960cc26a6891e402e322511bbbb"}
}
