TN:
SF:app.js
FN:11,(anonymous_0)
FN:15,(anonymous_1)
FN:21,BMI
FN:49,WaistToHip
FNF:4
FNH:4
FNDA:17,(anonymous_0)
FNDA:30,(anonymous_1)
FNDA:14,BMI
FNDA:16,WaistToHip
DA:1,3
DA:4,3
DA:6,3
DA:7,3
DA:9,3
DA:11,3
DA:12,17
DA:15,3
DA:16,30
DA:22,14
DA:23,14
DA:25,14
DA:26,3
DA:28,11
DA:29,11
DA:31,11
DA:32,4
DA:33,7
DA:34,2
DA:35,5
DA:36,2
DA:38,3
DA:41,11
DA:50,16
DA:51,16
DA:52,16
DA:54,16
DA:56,4
DA:58,12
DA:59,12
DA:61,12
DA:62,6
DA:63,2
DA:64,4
DA:65,2
DA:66,2
DA:67,2
DA:70,12
DA:71,6
DA:72,2
DA:73,4
DA:74,2
DA:75,2
DA:76,2
DA:80,12
DA:88,3
LF:46
LH:46
BRDA:16,0,0,16
BRDA:16,0,1,14
BRDA:25,1,0,3
BRDA:25,1,1,11
BRDA:25,2,0,14
BRDA:25,2,1,12
BRDA:31,3,0,4
BRDA:31,3,1,7
BRDA:33,4,0,2
BRDA:33,4,1,5
BRDA:33,5,0,7
BRDA:33,5,1,6
BRDA:35,6,0,2
BRDA:35,6,1,3
BRDA:35,7,0,5
BRDA:35,7,1,4
BRDA:54,8,0,4
BRDA:54,8,1,12
BRDA:54,9,0,16
BRDA:54,9,1,16
BRDA:54,9,2,12
BRDA:54,9,3,12
BRDA:61,10,0,6
BRDA:61,10,1,6
BRDA:62,11,0,2
BRDA:62,11,1,4
BRDA:64,12,0,2
BRDA:64,12,1,2
BRDA:64,13,0,4
BRDA:64,13,1,4
BRDA:66,14,0,2
BRDA:66,14,1,0
BRDA:70,15,0,6
BRDA:70,15,1,6
BRDA:71,16,0,2
BRDA:71,16,1,4
BRDA:73,17,0,2
BRDA:73,17,1,2
BRDA:73,18,0,4
BRDA:73,18,1,4
BRDA:75,19,0,2
BRDA:75,19,1,0
BRF:42
BRH:40
end_of_record
